* using log directory ‘/Users/Ismail/Documents/Coding/R pkg/pivotr/..Rcheck’
* using R version 4.0.0 (2020-04-24)
* using platform: x86_64-apple-darwin17.0 (64-bit)
* using session charset: UTF-8
* using option ‘--as-cran’
* checking for file ‘./DESCRIPTION’ ... OK
* this is package ‘pivotr’ version ‘0.0.0.9000’
* package encoding: UTF-8
* checking CRAN incoming feasibility ... NOTE
Maintainer: ‘Ismail Muller <muller.ismail@gmail.com>’

New submission

Version contains large components (0.0.0.9000)

Package has help file(s) containing install/render-stage \Sexpr{} expressions but no prebuilt PDF manual.

The build time stamp is missing.
* checking package namespace information ... OK
* checking package dependencies ... OK
* checking if this is a source package ... OK
* checking if there is a namespace ... OK
* checking for executable files ... WARNING
Found the following executable files:
  .git/objects/01/452e5fb11710de89f668df6a6ca88d6d23e2e3
  .git/objects/03/800fdc4ba8c6b5a2defedb4f3c09b3b603c585
  .git/objects/04/10b2d701383190b104155493309c1923e83bf4
  .git/objects/04/c55859903c1a7db8ce30f4a37f144795cce7c4
  .git/objects/06/0d29f916b735c76358baf13291c19f1ec11f4c
  .git/objects/08/23ad8115f09496ed556a2e9368754b9fbd4e9c
  .git/objects/08/ee0c903f740a09d8d4fb5f7bc44c448d9dcaf2
  .git/objects/09/61f23f7911c541f55a2d9dab649225ec06a833
  .git/objects/0a/29824a9f831ad6b6d62708e51db59b5c89e1f7
  .git/objects/0c/8b07471a80c44a788d6dcf78948c03a6c68286
  .git/objects/0e/b85961829ffb920cd8271eca60d6775dc03664
  .git/objects/12/3237f24f46e719da1dadb0d10370f7ac12c89e
  .git/objects/12/3367ae317591c8989c6fa59611d84e3e7f10d7
  .git/objects/12/3affc9a47cca0748f1c30390b03dcc28426069
  .git/objects/12/92ac34b909665df8b2ee963ba1f0191dc5ab37
  .git/objects/13/041a0c0680164e1f0fa79e8aaca704a478a7eb
  .git/objects/14/68d7507423d4d7e3137fe0c366d9d94e63a437
  .git/objects/15/7fcb014dfce796643201e05fa3de7bf5f9af03
  .git/objects/15/ef370d2f81bdb30058906b259099dc80712759
  .git/objects/19/002f837d33cf3cbd0f2a7e58edd969ca77afed
  .git/objects/19/582aa423afc60ecf4884f412f52689a4e5081f
  .git/objects/1b/2f7f48620f0b732854c8ff1e55d8a7419a155b
  .git/objects/1c/dd573b20f53b3ebe31c021e154c4338ca456af
  .git/objects/26/f54c892da2eb8b02ab7b7cee61cc495b184eea
  .git/objects/29/21e5af9f3ff1f2faca3102a38d951dea07d88e
  .git/objects/2e/c8ac4283670089428f4635d3dbd864b05e2700
  .git/objects/2f/733548f155db2a34f367afff55fc6b9b9cbfcc
  .git/objects/2f/a168eecb479549da7d34b3302f0f3e7ffa0dc2
  .git/objects/30/0fe943869ca8bc1961289c8df4d34895c09f49
  .git/objects/33/5b7856100eedd77da216d8f4db2af27e8094d3
  .git/objects/35/142343ffd57af9703842cc2591939554b789d6
  .git/objects/36/d515126fa7afa14102d4f518138d887b2bfd64
  .git/objects/37/99efe258bf0f598d5c3c66ab07e896bc0bffdb
  .git/objects/37/b8cd36c58e5c3b52cc66cfb43c44f0440e6220
  .git/objects/3c/34cecaae5bf8d9807e45787bcf4a412db842a6
  .git/objects/3d/b04f7e09586f1db655d392455afd6fe8e004a9
  .git/objects/44/0c0e7bcc2eaf06045bfbc1b7237138cf35931b
  .git/objects/44/67f94a5a28e7b9f13b0db6758a7455f83f868f
  .git/objects/48/f72a6f3f8e8e89d355de944547d9af9d64a2dd
  .git/objects/4b/825dc642cb6eb9a060e54bf8d69288fbee4904
  .git/objects/4b/aaee01cda5e180b8367fc928d09ad4f0e8e22b
  .git/objects/4b/f42c631914982426d0f4610289a4db1c462612
  .git/objects/4d/e1592d483be4c6c2d587d11d8fb8c03e43a98b
  .git/objects/4e/78356bd6cda0ccc8eceadca45dcabd6b372791
  .git/objects/4f/0b40322c23daac9ba418b1646ca6b2888a2676
  .git/objects/50/5c5f98a311f5f96e9b4c052e9ad8c2a9af663c
  .git/objects/51/bc10ee794ec5a998fd12de27c1289d059e16e2
  .git/objects/54/b5000255b259d48728f417720704dcf147e62e
  .git/objects/56/5904f765c57d928f3f1dcf0980b74cd252046d
  .git/objects/58/a0400b4fb4220e8142aef34f0809651afad1d1
  .git/objects/59/5ff582438231532f85ab4041d12934f419d1d0
  .git/objects/5a/40147e6a1aca76e350b13bbbdbcb624abd61dc
  .git/objects/5a/859415c1f7eacfd94920968bc910e2f1f1427e
  .git/objects/5b/6a0652566d10360493952aec6d4a4febc77083
  .git/objects/5c/88119d9faf47d5f5f1893ce6a40b9418e98997
  .git/objects/5d/3c40453abed3c8e8f94aeb1e537ac04881bbeb
  .git/objects/5e/454be407c449f491e082b0ce9289360e81398b
  .git/objects/63/13285bf8aece47226fa1354bffe5d972330806
  .git/objects/63/644b31d40722756191ee86ef8b17d3dadd1fd5
  .git/objects/65/4a0b373cf153811e1176d96227c560a631895e
  .git/objects/68/8559ca798cd3e99047a18e66bee5c5e6626238
  .git/objects/6e/4f744d5bb2f23c5fdac5f288aadaf051a1ebff
  .git/objects/6e/6b0d32ee1e263101c05b9125357c165049fed2
  .git/objects/6e/70b8abfb4b8847dbfe33d95b61f85d90b7d6a4
  .git/objects/6e/f5f5a6c13854534b3c04ce71504dbacaf2dbfd
  .git/objects/70/beb1ebad912a0229ef99c65118dd472c1f1727
  .git/objects/72/3aa3acb9617d868aa2a163d583d1cb2c6b218b
  .git/objects/73/7effc853db87aaa6c588ff2237d042734d0416
  .git/objects/74/7ab60c7d9cd4d453a3078fb35bc38a73d5d71a
  .git/objects/75/78f22a8bfde63670ebf576b0f4a0afc6f86b4e
  .git/objects/75/f24f5534715ce5a31f2d830aacfde6f741bf64
  .git/objects/76/227885df8707a6ab264247e38686c156591583
  .git/objects/7b/246fd30a7ff373bffe639af143bc8321c18ed6
  .git/objects/7c/9acdf7f00e8122412f1d9d411ee0a274ec1eb2
  .git/objects/7e/7048faebb92b85ed06afddd1a8a4581241d6a4
  .git/objects/80/73419068f63a05c9d8573c0a4da090d3be8e07
  .git/objects/81/529c6c8a24552a2663643415e04fe5bf5367e7
  .git/objects/82/efe72e3fc8fe4ba81716e674aa3ef3b1d3ef41
  .git/objects/84/e1ff30d2ab317942211071554d5b5587a496f5
  .git/objects/85/2509b93a46b2b83aa6f463cd73935876135f80
  .git/objects/86/4ab1505e7989458a04e5a38396608715cae8a1
  .git/objects/86/b949c21e2291878307840989e1c51c8dec0e6c
  .git/objects/87/cebf52a70e1d87c809273b47cde0b61ea3f1e6
  .git/objects/88/382f53538416050b8b15a364f216663c052f4b
  .git/objects/88/ad82769b87f10725c57dca6fcf41b4bffe462c
  .git/objects/88/c26258d74179789c48a978457de2587c31deae
  .git/objects/8d/968781f34589891da8c197a7768fc4ef3580ce
  .git/objects/91/a01aafbf88f15815c0967cc38207a644793f11
  .git/objects/97/4175843c96b789da5b65e761396f2bb110d3cc
  .git/objects/97/824223a4e4b65d14e7096372cc71bca6e2c870
  .git/objects/98/108140f0de092d676daf54f15aeab3e75d70d2
  .git/objects/9b/e0c210f4ffe4e6bb7faee28d30dd7cb393eb6e
  .git/objects/9d/00b4c37cc275e938bbdb25c735f877ab5af0a9
  .git/objects/9d/137b76d54bdf706684cdbe3ba0779dd94b001a
  .git/objects/9d/aae27118e82dbb8fa423e899fa011a7d2458cc
  .git/objects/9d/e8bafa827856d038575a5f80f8990cb58465a8
  .git/objects/9f/014fd1928244376c90290b3af5969af580dc0f
  .git/objects/9f/964990f3272399c497e7e227c082eaf58c6cb3
  .git/objects/a1/03bab3eb1ad4b3560d5ef98128fa50acbc88fa
  .git/objects/a2/0970933b12a42d4eb609f0ca8537609197d80d
  .git/objects/a2/98f092afe4eb2e1b2d898281fdef0ac4dd4cd1
  .git/objects/a2/b71ebe91dfcf74de19bb5796f3171de6fe2477
  .git/objects/a4/5a567fab92127897d00ca4d1d742a67d31604a
  .git/objects/a7/132e626f40e4b560872da49aa66bc7e7604a1d
  .git/objects/a7/cc17c0897bd0012e41ebc26d7779b17765cc1c
  .git/objects/a7/f235b023c6483b74f33723c22ce06e80fbb7c7
  .git/objects/a8/75df585a549ecc02a6d00f0c3e7cea11b8c55b
  .git/objects/a9/abf0fc1874bf0deff07f55e0dae0b1c375614b
  .git/objects/aa/abd6cbf1ec06f93f48ca1d4c8ad1e8c729cb70
  .git/objects/ab/bb509c0744f2b7c42a984d3d8cdae4814f245c
  .git/objects/ae/5320c8175f70b6e1490dd003a4174df4510064
  .git/objects/b1/ded457422a5fb84fd0f19adb554b7b06a2a6a5
  .git/objects/b2/abe224bc286b5f28b2200dba29b6855de6d040
  .git/objects/b3/5504cd3a282816130a16881f3ebeead9c1bcb4
  .git/objects/b7/593283606894f94131feb1d3bdcecf3dfe41cb
  .git/objects/b7/b4604e78dd9aed31d92344d857efb22f57ee16
  .git/objects/ba/bced6e581b47a3090e0c0f676a5aa53cb95209
  .git/objects/bb/93d1f1a0789fc70bcbb0a9e152201220f7ec88
  .git/objects/bd/00047f316551001da17b3c0750378ca9fbb4d3
  .git/objects/bd/d582cc6a4dde472944d6d3f4527745e89e8842
  .git/objects/c0/1e5923be6ff1edbccf20f93be6bdf8dbd67bb3
  .git/objects/c0/ec713cd597d11f990a73fe04470b4157ee73ee
  .git/objects/c3/6d4ce368e52edbfb99c4e7d6fdded962ceed03
  .git/objects/c5/81a3692c9d126a1e274aaa1c44a47ad82ccfe5
  .git/objects/c7/69be76ba0ffba1b639a8c8c8673b82a8019d2e
  .git/objects/ca/55104bde9e63902cbebf3b1ce3a1ad31b86c37
  .git/objects/ca/ce12aa25597c66b09490257bd276af2250ba6a
  .git/objects/ca/f94e678f9c29ce055d5902612152b0266ee93e
  .git/objects/cc/e92b7f3a69969fd7be649c79bb8c2301adf85f
  .git/objects/d0/63e8bc7af719bae7c8eb42a8bc12891480f305
  .git/objects/d1/2044fed41b20a1fc53fd920f437d4100881a75
  .git/objects/d1/d060e9239578e51be0b512ff4c18d9581d5e5d
  .git/objects/d2/e2da8f4370d5b410b2e9d238916ab1e0a39708
  .git/objects/d4/43b0ec839e200a99ec3e24949e25e235bf6955
  .git/objects/d4/949314238678dce61121f7b9c9020e8f49834a
  .git/objects/d5/523b74280fb57c9d82f6ad157e2f5e0c075525
  .git/objects/d6/d548577476c87d88c91f8754d76c1e7ce10adf
  .git/objects/d7/7bdfdc8bce914c174a3e508f40926798cbbbb0
  .git/objects/dd/062ce935b56a36b37c6155c62c8862d8b984a4
  .git/objects/dd/df5c1874de1070180b454a40a462bba5c36154
  .git/objects/de/9e8e626d95182429436bd15eae03db8759810d
  .git/objects/df/698fedba279545205acc60fb87b492d26495a2
  .git/objects/df/71310144f2fd5f857bbc6e945f439f427c3d4a
  .git/objects/e0/15dc811024dda3ea8dd1aef5fe40f3a3cbb210
  .git/objects/e2/c31bcb4c10faf701c026731079a45e7663abff
  .git/objects/e3/e4e45573ab1f3e1f6e9fdc0fe23a995b3b0261
  .git/objects/e5/f1fe1dfa2c34c51fe941829b511acd8c763301
  .git/objects/ea/c0db6df51843e1a9de29f7292c8af643dea0e7
  .git/objects/eb/cddf056705c7cd51fac8347361bb91152a1a19
  .git/objects/ed/98f146b0b0215d1da98c340a91a374749208e7
  .git/objects/f0/a0bf6aa9a4e0d789b41d2c2a04f117a7f67a3f
  .git/objects/f1/7db32d40f09ec2c08df8dcd47a47079947cfa5
  .git/objects/f5/5bbd86b853c52a767f3b7269312ff8cc82039b
  .git/objects/f8/2f37b629be40a07fd7723a641856a5b35c9de9
  .git/objects/f9/8e958dcf172740cc1f2f41ca32ceb8724f356b
  .git/objects/fd/49fc58b54ca22c508ed1b45d286b70683c079a
  .git/objects/fd/d626a8ca424907f551598ead8b029158359807
  .git/objects/fe/b4a7dad3b54f58a176eae4bf8c0a7f7639832a
  .git/objects/ff/3efd01607c7b0417139770af79415f3288a9a1
  .git/objects/ff/e3a0ee2e040b28b03da1c55f3384a354b5c5ab
Source packages should not contain undeclared executable files.
See section ‘Package structure’ in the ‘Writing R Extensions’ manual.
* checking for hidden files and directories ... NOTE
Found the following hidden files and directories:
  .DS_Store
  .Rhistory
  .gitignore
  .travis.yml
  ..Rcheck
  .Rproj.user
  .git
These were most likely included in error. See section ‘Package
structure’ in the ‘Writing R Extensions’ manual.

CRAN-pack does not know about
  .DS_Store
  .travis.yml
  ..Rcheck
  .git
* checking for portable file names ... OK
* checking for sufficient/correct file permissions ... OK
* checking serialization versions ... OK
* checking whether package ‘pivotr’ can be installed ... OK
* checking installed package size ... OK
* checking package directory ... OK
* checking for future file timestamps ... OK
* checking DESCRIPTION meta-information ... NOTE
Checking should be performed on sources prepared by ‘R CMD build’.
* checking top-level files ... NOTE
Non-standard files/directories found at top level:
  ‘LICENSE.md’ ‘README.Rmd’ ‘_pkgdown.yml’ ‘codecov.yml’ ‘docs’
  ‘pivottable.Rproj’
* checking for left-over files ... OK
* checking index information ... OK
* checking package subdirectories ... WARNING
Found the following directory with the name of a check directory:
  ./..Rcheck
Most likely, these were included erroneously.
Found the following directory with the name of a version control directory:
  ./.git
These should not be in a package tarball.
* checking R files for non-ASCII characters ... OK
* checking R files for syntax errors ... OK
* checking whether the package can be loaded ... OK
* checking whether the package can be loaded with stated dependencies ... OK
* checking whether the package can be unloaded cleanly ... OK
* checking whether the namespace can be loaded with stated dependencies ... OK
* checking whether the namespace can be unloaded cleanly ... OK
* checking use of S3 registration ... OK
* checking dependencies in R code ... OK
* checking S3 generic/method consistency ... OK
* checking replacement functions ... OK
* checking foreign function calls ... OK
* checking R code for possible problems ... OK
* checking Rd files ... OK
* checking Rd metadata ... OK
* checking Rd line widths ... OK
* checking Rd cross-references ... OK
* checking for missing documentation entries ... OK
* checking for code/documentation mismatches ... OK
* checking Rd \usage sections ... OK
* checking Rd contents ... OK
* checking for unstated dependencies in examples ... OK
* checking examples ... OK
* checking for unstated dependencies in ‘tests’ ... OK
* checking tests ... OK
  Running ‘testthat.R’
* checking PDF version of manual ... OK
* checking for non-standard things in the check directory ... OK
* checking for detritus in the temp directory ... OK
* DONE
Status: 2 WARNINGs, 4 NOTEs
